00.actionbar/ActionBarDemoNative1/app/build/outputs/logs/manifest-merger-debug-report.txt
-- Merging decision tree log ---
manifest
ADDED from AndroidManifest.xml:2:1
	xmlns:android
		ADDED from AndroidManifest.xml:2:11
	package
		ADDED from AndroidManifest.xml:3:2
		INJECTED from AndroidManifest.xml:0:0
		INJECTED from AndroidManifest.xml:0:0
	android:versionName
		ADDED from AndroidManifest.xml:5:2
	android:versionCode
		ADDED from AndroidManifest.xml:4:2
		INJECTED from AndroidManifest.xml:0:0
		INJECTED from AndroidManifest.xml:0:0
supports-screens
ADDED from AndroidManifest.xml:7:2
	android:largeScreens
		ADDED from AndroidManifest.xml:9:3
	android:anyDensity
		ADDED from AndroidManifest.xml:8:3
	android:normalScreens
		ADDED from AndroidManifest.xml:10:3
	android:smallScreens
		ADDED from AndroidManifest.xml:11:3
uses-sdk
ADDED from AndroidManifest.xml:13:2
	android:targetSdkVersion
		ADDED from AndroidManifest.xml:15:3
		INJECTED from AndroidManifest.xml:0:0
		INJECTED from AndroidManifest.xml:0:0
	android:minSdkVersion
		ADDED from AndroidManifest.xml:14:3
		INJECTED from AndroidManifest.xml:0:0
		INJECTED from AndroidManifest.xml:0:0
application
ADDED from AndroidManifest.xml:17:2
	android:label
		ADDED from AndroidManifest.xml:19:3
	android:allowBackup
		ADDED from AndroidManifest.xml:17:15
	android:uiOptions
		ADDED from AndroidManifest.xml:21:3
	android:icon
		ADDED from AndroidManifest.xml:18:3
	android:theme
		ADDED from AndroidManifest.xml:20:3
activity#com.commonsware.android.inflation.ParentActivity
ADDED from AndroidManifest.xml:22:3
	android:label
		ADDED from AndroidManifest.xml:24:7
	android:name
		ADDED from AndroidManifest.xml:23:7
activity#com.commonsware.android.inflation.MainActivity_
ADDED from AndroidManifest.xml:28:3
	android:label
		ADDED from AndroidManifest.xml:30:4
	android:parentActivityName
		ADDED from AndroidManifest.xml:31:4
	android:name
		ADDED from AndroidManifest.xml:29:4
meta-data#android.support.UI_OPTIONS
ADDED from AndroidManifest.xml:32:4
	android:name
		ADDED from AndroidManifest.xml:32:15
	android:value
		ADDED from AndroidManifest.xml:33:8
meta-data#android.support.PARENT_ACTIVITY
ADDED from AndroidManifest.xml:35:4
	android:name
		ADDED from AndroidManifest.xml:36:13
	android:value
		ADDED from AndroidManifest.xml:37:13
intent-filter#android.intent.action.MAIN+android.intent.category.LAUNCHER
ADDED from AndroidManifest.xml:38:4
action#android.intent.action.MAIN
ADDED from AndroidManifest.xml:39:5
	android:name
		ADDED from AndroidManifest.xml:39:13
category#android.intent.category.LAUNCHER
ADDED from AndroidManifest.xml:41:5
	android:name
		ADDED from AndroidManifest.xml:41:15